\BOOKMARK [0][-]{section*.1}{Supervisory Committee}{}% 1
\BOOKMARK [0][-]{section*.2}{Abstract}{}% 2
\BOOKMARK [0][-]{section*.3}{Table of Contents}{}% 3
\BOOKMARK [0][-]{section*.4}{List of Tables}{}% 4
\BOOKMARK [0][-]{section*.5}{List of Figures}{}% 5
\BOOKMARK [0][-]{section*.6}{Acknowledgements}{}% 6
\BOOKMARK [0][-]{section*.7}{Dedication}{}% 7
\BOOKMARK [0][-]{chapter.1}{Introduction}{}% 8
\BOOKMARK [1][-]{section.1.1}{How to Start an Introduction}{chapter.1}% 9
\BOOKMARK [1][-]{section.1.2}{Is a Review of All Previous Work Necessary Here?}{chapter.1}% 10
\BOOKMARK [1][-]{section.1.3}{My Claims}{chapter.1}% 11
\BOOKMARK [2][-]{subsection.1.3.1}{The Importance of My Claims}{section.1.3}% 12
\BOOKMARK [1][-]{section.1.4}{Agenda}{chapter.1}% 13
\BOOKMARK [0][-]{chapter.2}{The Problem to be Solved}{}% 14
\BOOKMARK [0][-]{chapter.3}{The New Approach and Solution}{}% 15
\BOOKMARK [1][-]{section.3.1}{Some LaTeXExamples}{chapter.3}% 16
\BOOKMARK [2][-]{subsection.3.1.1}{Preamble}{section.3.1}% 17
\BOOKMARK [2][-]{subsection.3.1.2}{Document Body}{section.3.1}% 18
\BOOKMARK [1][-]{section.3.2}{How to Number Pages}{chapter.3}% 19
\BOOKMARK [1][-]{section.3.3}{How to Create a Title Page}{chapter.3}% 20
\BOOKMARK [1][-]{section.3.4}{How to Create an Abstract}{chapter.3}% 21
\BOOKMARK [1][-]{section.3.5}{How to Create a Table of Contents}{chapter.3}% 22
\BOOKMARK [1][-]{section.3.6}{How to Create Sections}{chapter.3}% 23
\BOOKMARK [1][-]{section.3.7}{How to Create a List}{chapter.3}% 24
\BOOKMARK [1][-]{section.3.8}{How to Insert Tables, Figures, Captions, and Footnotes}{chapter.3}% 25
\BOOKMARK [2][-]{subsection.3.8.1}{Tables}{section.3.8}% 26
\BOOKMARK [2][-]{subsection.3.8.2}{Figures}{section.3.8}% 27
\BOOKMARK [2][-]{subsection.3.8.3}{Captions}{section.3.8}% 28
\BOOKMARK [2][-]{subsection.3.8.4}{Footnotes}{section.3.8}% 29
\BOOKMARK [1][-]{section.3.9}{How to Alter Font}{chapter.3}% 30
\BOOKMARK [2][-]{subsection.3.9.1}{Type Style}{section.3.9}% 31
\BOOKMARK [2][-]{subsection.3.9.2}{Type Size}{section.3.9}% 32
\BOOKMARK [1][-]{section.3.10}{Math Mode}{chapter.3}% 33
\BOOKMARK [1][-]{section.3.11}{Formatting Extras}{chapter.3}% 34
\BOOKMARK [0][-]{chapter.4}{Experiments}{}% 35
\BOOKMARK [0][-]{chapter.5}{Evaluation, Analysis and Comparisons}{}% 36
\BOOKMARK [0][-]{chapter.6}{Conclusions}{}% 37
\BOOKMARK [0][-]{chapter.7}{Physics Stuff}{}% 38
\BOOKMARK [1][-]{section.7.1}{Feynmann diagrams}{chapter.7}% 39
\BOOKMARK [1][-]{section.7.2}{better hyperlinks}{chapter.7}% 40
\BOOKMARK [1][-]{section.7.3}{math scripts}{chapter.7}% 41
\BOOKMARK [1][-]{section.7.4}{tables}{chapter.7}% 42
\BOOKMARK [0][-]{appendix.A}{Additional Information}{}% 43
\BOOKMARK [0][-]{section*.14}{Bibliography}{}% 44
